# JRE version: OpenJDK Runtime Environment (8.0_202) (build 1.8.0_202-release-1483-b49-5587405)
# Java VM: OpenJDK 64-Bit Server VM (25.202-b49-5587405 mixed mode linux-amd64 compressed oops)
Heap:
 PSYoungGen      total 194048K, used 10340K [0x00000000e0000000, 0x00000000ecc00000, 0x0000000100000000)
  eden space 181248K, 0% used [0x00000000e0000000,0x00000000e0000000,0x00000000eb100000)
  from space 12800K, 80% used [0x00000000ebf00000,0x00000000ec9192d8,0x00000000ecb80000)
  to   space 13824K, 0% used [0x00000000eb100000,0x00000000eb100000,0x00000000ebe80000)
 ParOldGen       total 42496K, used 14368K [0x00000000a0000000, 0x00000000a2980000, 0x00000000e0000000)
  object space 42496K, 33% used [0x00000000a0000000,0x00000000a0e08398,0x00000000a2980000)
 Metaspace       used 34690K, capacity 35380K, committed 35456K, reserved 1079296K
  class space    used 4772K, capacity 4961K, committed 4992K, reserved 1048576K
GC Heap History (10 events):
Event: 7,770 GC heap after
Heap after GC invocations=5 (full 0):
 PSYoungGen      total 66048K, used 2528K [0x00000000e0000000, 0x00000000e9000000, 0x0000000100000000)
  eden space 63488K, 0% used [0x00000000e0000000,0x00000000e0000000,0x00000000e3e00000)
  from space 2560K, 98% used [0x00000000e3e00000,0x00000000e4078050,0x00000000e4080000)
  to   space 10240K, 0% used [0x00000000e8600000,0x00000000e8600000,0x00000000e9000000)
 ParOldGen       total 42496K, used 12842K [0x00000000a0000000, 0x00000000a2980000, 0x00000000e0000000)
  object space 42496K, 30% used [0x00000000a0000000,0x00000000a0c8abf8,0x00000000a2980000)
 Metaspace       used 18174K, capacity 18640K, committed 18816K, reserved 1064960K
  class space    used 2641K, capacity 2822K, committed 2944K, reserved 1048576K
}
Event: 8,916 GC heap before
{Heap before GC invocations=6 (full 0):
 PSYoungGen      total 66048K, used 24722K [0x00000000e0000000, 0x00000000e9000000, 0x0000000100000000)
  eden space 63488K, 34% used [0x00000000e0000000,0x00000000e15acb88,0x00000000e3e00000)
  from space 2560K, 98% used [0x00000000e3e00000,0x00000000e4078050,0x00000000e4080000)
  to   space 10240K, 0% used [0x00000000e8600000,0x00000000e8600000,0x00000000e9000000)
 ParOldGen       total 42496K, used 12842K [0x00000000a0000000, 0x00000000a2980000, 0x00000000e0000000)
  object space 42496K, 30% used [0x00000000a0000000,0x00000000a0c8abf8,0x00000000a2980000)
 Metaspace       used 20644K, capacity 21160K, committed 21296K, reserved 1067008K
  class space    used 2946K, capacity 3122K, committed 3200K, reserved 1048576K
Event: 8,940 GC heap after
Heap after GC invocations=6 (full 0):
 PSYoungGen      total 135168K, used 5171K [0x00000000e0000000, 0x00000000e8e00000, 0x0000000100000000)
  eden space 126976K, 0% used [0x00000000e0000000,0x00000000e0000000,0x00000000e7c00000)
  from space 8192K, 63% used [0x00000000e8600000,0x00000000e8b0cc58,0x00000000e8e00000)
  to   space 9216K, 0% used [0x00000000e7c00000,0x00000000e7c00000,0x00000000e8500000)
 ParOldGen       total 42496K, used 12842K [0x00000000a0000000, 0x00000000a2980000, 0x00000000e0000000)
  object space 42496K, 30% used [0x00000000a0000000,0x00000000a0c8abf8,0x00000000a2980000)
 Metaspace       used 20644K, capacity 21160K, committed 21296K, reserved 1067008K
  class space    used 2946K, capacity 3122K, committed 3200K, reserved 1048576K
}
Event: 8,940 GC heap before
{Heap before GC invocations=7 (full 1):
 PSYoungGen      total 135168K, used 5171K [0x00000000e0000000, 0x00000000e8e00000, 0x0000000100000000)
  eden space 126976K, 0% used [0x00000000e0000000,0x00000000e0000000,0x00000000e7c00000)
  from space 8192K, 63% used [0x00000000e8600000,0x00000000e8b0cc58,0x00000000e8e00000)
  to   space 9216K, 0% used [0x00000000e7c00000,0x00000000e7c00000,0x00000000e8500000)
 ParOldGen       total 42496K, used 12842K [0x00000000a0000000, 0x00000000a2980000, 0x00000000e0000000)
  object space 42496K, 30% used [0x00000000a0000000,0x00000000a0c8abf8,0x00000000a2980000)
 Metaspace       used 20644K, capacity 21160K, committed 21296K, reserved 1067008K
  class space    used 2946K, capacity 3122K, committed 3200K, reserved 1048576K
Event: 9,146 GC heap after
Heap after GC invocations=7 (full 1):
 PSYoungGen      total 135168K, used 0K [0x00000000e0000000, 0x00000000e8e00000, 0x0000000100000000)
  eden space 126976K, 0% used [0x00000000e0000000,0x00000000e0000000,0x00000000e7c00000)
  from space 8192K, 0% used [0x00000000e8600000,0x00000000e8600000,0x00000000e8e00000)
  to   space 9216K, 0% used [0x00000000e7c00000,0x00000000e7c00000,0x00000000e8500000)
 ParOldGen       total 42496K, used 10853K [0x00000000a0000000, 0x00000000a2980000, 0x00000000e0000000)
  object space 42496K, 25% used [0x00000000a0000000,0x00000000a0a99548,0x00000000a2980000)
 Metaspace       used 20644K, capacity 21160K, committed 21296K, reserved 1067008K
  class space    used 2946K, capacity 3122K, committed 3200K, reserved 1048576K
}
Event: 14,142 GC heap before
{Heap before GC invocations=8 (full 1):
 PSYoungGen      total 135168K, used 126976K [0x00000000e0000000, 0x00000000e8e00000, 0x0000000100000000)
  eden space 126976K, 100% used [0x00000000e0000000,0x00000000e7c00000,0x00000000e7c00000)
  from space 8192K, 0% used [0x00000000e8600000,0x00000000e8600000,0x00000000e8e00000)
  to   space 9216K, 0% used [0x00000000e7c00000,0x00000000e7c00000,0x00000000e8500000)
 ParOldGen       total 42496K, used 10853K [0x00000000a0000000, 0x00000000a2980000, 0x00000000e0000000)
  object space 42496K, 25% used [0x00000000a0000000,0x00000000a0a99548,0x00000000a2980000)
 Metaspace       used 31810K, capacity 32416K, committed 32768K, reserved 1077248K
  class space    used 4390K, capacity 4559K, committed 4608K, reserved 1048576K
Event: 14,197 GC heap after
Heap after GC invocations=8 (full 1):
 PSYoungGen      total 136192K, used 9215K [0x00000000e0000000, 0x00000000ecb80000, 0x0000000100000000)
  eden space 126976K, 0% used [0x00000000e0000000,0x00000000e0000000,0x00000000e7c00000)
  from space 9216K, 99% used [0x00000000e7c00000,0x00000000e84ffd00,0x00000000e8500000)
  to   space 12800K, 0% used [0x00000000ebf00000,0x00000000ebf00000,0x00000000ecb80000)
 ParOldGen       total 42496K, used 14360K [0x00000000a0000000, 0x00000000a2980000, 0x00000000e0000000)
  object space 42496K, 33% used [0x00000000a0000000,0x00000000a0e06398,0x00000000a2980000)
 Metaspace       used 31810K, capacity 32416K, committed 32768K, reserved 1077248K
  class space    used 4390K, capacity 4559K, committed 4608K, reserved 1048576K
}
Event: 17,054 GC heap before
{Heap before GC invocations=9 (full 1):
 PSYoungGen      total 136192K, used 68836K [0x00000000e0000000, 0x00000000ecb80000, 0x0000000100000000)
  eden space 126976K, 46% used [0x00000000e0000000,0x00000000e3a396e0,0x00000000e7c00000)
  from space 9216K, 99% used [0x00000000e7c00000,0x00000000e84ffd00,0x00000000e8500000)
  to   space 12800K, 0% used [0x00000000ebf00000,0x00000000ebf00000,0x00000000ecb80000)
 ParOldGen       total 42496K, used 14360K [0x00000000a0000000, 0x00000000a2980000, 0x00000000e0000000)
  object space 42496K, 33% used [0x00000000a0000000,0x00000000a0e06398,0x00000000a2980000)
 Metaspace       used 34690K, capacity 35380K, committed 35456K, reserved 1079296K
  class space    used 4772K, capacity 4961K, committed 4992K, reserved 1048576K
Event: 17,097 GC heap after
Heap after GC invocations=9 (full 1):
 PSYoungGen      total 194048K, used 10340K [0x00000000e0000000, 0x00000000ecc00000, 0x0000000100000000)
  eden space 181248K, 0% used [0x00000000e0000000,0x00000000e0000000,0x00000000eb100000)
  from space 12800K, 80% used [0x00000000ebf00000,0x00000000ec9192d8,0x00000000ecb80000)
  to   space 13824K, 0% used [0x00000000eb100000,0x00000000eb100000,0x00000000ebe80000)
 ParOldGen       total 42496K, used 14368K [0x00000000a0000000, 0x00000000a2980000, 0x00000000e0000000)
  object space 42496K, 33% used [0x00000000a0000000,0x00000000a0e08398,0x00000000a2980000)
 Metaspace       used 34690K, capacity 35380K, committed 35456K, reserved 1079296K
  class space    used 4772K, capacity 4961K, committed 4992K, reserved 1048576K
}
Event: 17,097 GC heap before
{Heap before GC invocations=10 (full 2):
 PSYoungGen      total 194048K, used 10340K [0x00000000e0000000, 0x00000000ecc00000, 0x0000000100000000)
  eden space 181248K, 0% used [0x00000000e0000000,0x00000000e0000000,0x00000000eb100000)
  from space 12800K, 80% used [0x00000000ebf00000,0x00000000ec9192d8,0x00000000ecb80000)
  to   space 13824K, 0% used [0x00000000eb100000,0x00000000eb100000,0x00000000ebe80000)
 ParOldGen       total 42496K, used 14368K [0x00000000a0000000, 0x00000000a2980000, 0x00000000e0000000)
  object space 42496K, 33% used [0x00000000a0000000,0x00000000a0e08398,0x00000000a2980000)
 Metaspace       used 34690K, capacity 35380K, committed 35456K, reserved 1079296K
  class space    used 4772K, capacity 4961K, committed 4992K, reserved 1048576K

