# JRE version: OpenJDK Runtime Environment (8.0_202) (build 1.8.0_202-release-1483-b49-5587405)
# Java VM: OpenJDK 64-Bit Server VM (25.202-b49-5587405 mixed mode linux-amd64 compressed oops)
Heap:
 PSYoungGen      total 122880K, used 80164K [0x00000000e0000000, 0x00000000ea280000, 0x0000000100000000)
  eden space 110592K, 61% used [0x00000000e0000000,0x00000000e424ba20,0x00000000e6c00000)
  from space 12288K, 99% used [0x00000000e6c00000,0x00000000e77fd6b8,0x00000000e7800000)
  to   space 14848K, 0% used [0x00000000e9400000,0x00000000e9400000,0x00000000ea280000)
 ParOldGen       total 56832K, used 18189K [0x00000000a0000000, 0x00000000a3780000, 0x00000000e0000000)
  object space 56832K, 32% used [0x00000000a0000000,0x00000000a11c3560,0x00000000a3780000)
 Metaspace       used 50823K, capacity 52070K, committed 52312K, reserved 1093632K
  class space    used 6881K, capacity 7218K, committed 7296K, reserved 1048576K
GC Heap History (10 events):
Event: 16,733 GC heap before
{Heap before GC invocations=9 (full 1):
 PSYoungGen      total 65024K, used 57856K [0x00000000e0000000, 0x00000000e8400000, 0x0000000100000000)
  eden space 57856K, 100% used [0x00000000e0000000,0x00000000e3880000,0x00000000e3880000)
  from space 7168K, 0% used [0x00000000e3880000,0x00000000e3880000,0x00000000e3f80000)
  to   space 9728K, 0% used [0x00000000e7a80000,0x00000000e7a80000,0x00000000e8400000)
 ParOldGen       total 40448K, used 13194K [0x00000000a0000000, 0x00000000a2780000, 0x00000000e0000000)
  object space 40448K, 32% used [0x00000000a0000000,0x00000000a0ce2a60,0x00000000a2780000)
 Metaspace       used 27966K, capacity 28504K, committed 28800K, reserved 1075200K
  class space    used 3761K, capacity 3913K, committed 3968K, reserved 1048576K
Event: 16,755 GC heap after
Heap after GC invocations=9 (full 1):
 PSYoungGen      total 93184K, used 6880K [0x00000000e0000000, 0x00000000e8180000, 0x0000000100000000)
  eden space 86016K, 0% used [0x00000000e0000000,0x00000000e0000000,0x00000000e5400000)
  from space 7168K, 95% used [0x00000000e7a80000,0x00000000e81381d0,0x00000000e8180000)
  to   space 9728K, 0% used [0x00000000e6e80000,0x00000000e6e80000,0x00000000e7800000)
 ParOldGen       total 40448K, used 13202K [0x00000000a0000000, 0x00000000a2780000, 0x00000000e0000000)
  object space 40448K, 32% used [0x00000000a0000000,0x00000000a0ce4a60,0x00000000a2780000)
 Metaspace       used 27966K, capacity 28504K, committed 28800K, reserved 1075200K
  class space    used 3761K, capacity 3913K, committed 3968K, reserved 1048576K
}
Event: 19,503 GC heap before
{Heap before GC invocations=10 (full 1):
 PSYoungGen      total 93184K, used 92896K [0x00000000e0000000, 0x00000000e8180000, 0x0000000100000000)
  eden space 86016K, 100% used [0x00000000e0000000,0x00000000e5400000,0x00000000e5400000)
  from space 7168K, 95% used [0x00000000e7a80000,0x00000000e81381d0,0x00000000e8180000)
  to   space 9728K, 0% used [0x00000000e6e80000,0x00000000e6e80000,0x00000000e7800000)
 ParOldGen       total 40448K, used 13202K [0x00000000a0000000, 0x00000000a2780000, 0x00000000e0000000)
  object space 40448K, 32% used [0x00000000a0000000,0x00000000a0ce4a60,0x00000000a2780000)
 Metaspace       used 32538K, capacity 33052K, committed 33408K, reserved 1077248K
  class space    used 4485K, capacity 4635K, committed 4736K, reserved 1048576K
Event: 19,558 GC heap after
Heap after GC invocations=10 (full 1):
 PSYoungGen      total 121344K, used 9726K [0x00000000e0000000, 0x00000000e8300000, 0x0000000100000000)
  eden space 111616K, 0% used [0x00000000e0000000,0x00000000e0000000,0x00000000e6d00000)
  from space 9728K, 99% used [0x00000000e6e80000,0x00000000e77ffb68,0x00000000e7800000)
  to   space 11264K, 0% used [0x00000000e7800000,0x00000000e7800000,0x00000000e8300000)
 ParOldGen       total 40448K, used 13336K [0x00000000a0000000, 0x00000000a2780000, 0x00000000e0000000)
  object space 40448K, 32% used [0x00000000a0000000,0x00000000a0d06260,0x00000000a2780000)
 Metaspace       used 32538K, capacity 33052K, committed 33408K, reserved 1077248K
  class space    used 4485K, capacity 4635K, committed 4736K, reserved 1048576K
}
Event: 22,115 GC heap before
{Heap before GC invocations=11 (full 1):
 PSYoungGen      total 121344K, used 50245K [0x00000000e0000000, 0x00000000e8300000, 0x0000000100000000)
  eden space 111616K, 36% used [0x00000000e0000000,0x00000000e2791b38,0x00000000e6d00000)
  from space 9728K, 99% used [0x00000000e6e80000,0x00000000e77ffb68,0x00000000e7800000)
  to   space 11264K, 0% used [0x00000000e7800000,0x00000000e7800000,0x00000000e8300000)
 ParOldGen       total 40448K, used 13336K [0x00000000a0000000, 0x00000000a2780000, 0x00000000e0000000)
  object space 40448K, 32% used [0x00000000a0000000,0x00000000a0d06260,0x00000000a2780000)
 Metaspace       used 34542K, capacity 35180K, committed 35416K, reserved 1079296K
  class space    used 4746K, capacity 4907K, committed 4992K, reserved 1048576K
Event: 22,202 GC heap after
Heap after GC invocations=11 (full 1):
 PSYoungGen      total 121856K, used 9484K [0x00000000e0000000, 0x00000000ea800000, 0x0000000100000000)
  eden space 110592K, 0% used [0x00000000e0000000,0x00000000e0000000,0x00000000e6c00000)
  from space 11264K, 84% used [0x00000000e7800000,0x00000000e8143250,0x00000000e8300000)
  to   space 12288K, 0% used [0x00000000e6c00000,0x00000000e6c00000,0x00000000e7800000)
 ParOldGen       total 40448K, used 13344K [0x00000000a0000000, 0x00000000a2780000, 0x00000000e0000000)
  object space 40448K, 32% used [0x00000000a0000000,0x00000000a0d08260,0x00000000a2780000)
 Metaspace       used 34542K, capacity 35180K, committed 35416K, reserved 1079296K
  class space    used 4746K, capacity 4907K, committed 4992K, reserved 1048576K
}
Event: 22,202 GC heap before
{Heap before GC invocations=12 (full 2):
 PSYoungGen      total 121856K, used 9484K [0x00000000e0000000, 0x00000000ea800000, 0x0000000100000000)
  eden space 110592K, 0% used [0x00000000e0000000,0x00000000e0000000,0x00000000e6c00000)
  from space 11264K, 84% used [0x00000000e7800000,0x00000000e8143250,0x00000000e8300000)
  to   space 12288K, 0% used [0x00000000e6c00000,0x00000000e6c00000,0x00000000e7800000)
 ParOldGen       total 40448K, used 13344K [0x00000000a0000000, 0x00000000a2780000, 0x00000000e0000000)
  object space 40448K, 32% used [0x00000000a0000000,0x00000000a0d08260,0x00000000a2780000)
 Metaspace       used 34542K, capacity 35180K, committed 35416K, reserved 1079296K
  class space    used 4746K, capacity 4907K, committed 4992K, reserved 1048576K
Event: 22,585 GC heap after
Heap after GC invocations=12 (full 2):
 PSYoungGen      total 121856K, used 0K [0x00000000e0000000, 0x00000000ea800000, 0x0000000100000000)
  eden space 110592K, 0% used [0x00000000e0000000,0x00000000e0000000,0x00000000e6c00000)
  from space 11264K, 0% used [0x00000000e7800000,0x00000000e7800000,0x00000000e8300000)
  to   space 12288K, 0% used [0x00000000e6c00000,0x00000000e6c00000,0x00000000e7800000)
 ParOldGen       total 56832K, used 16107K [0x00000000a0000000, 0x00000000a3780000, 0x00000000e0000000)
  object space 56832K, 28% used [0x00000000a0000000,0x00000000a0fbad30,0x00000000a3780000)
 Metaspace       used 34536K, capacity 35162K, committed 35416K, reserved 1079296K
  class space    used 4744K, capacity 4904K, committed 4992K, reserved 1048576K
}
Event: 28,228 GC heap before
{Heap before GC invocations=13 (full 2):
 PSYoungGen      total 121856K, used 110592K [0x00000000e0000000, 0x00000000ea800000, 0x0000000100000000)
  eden space 110592K, 100% used [0x00000000e0000000,0x00000000e6c00000,0x00000000e6c00000)
  from space 11264K, 0% used [0x00000000e7800000,0x00000000e7800000,0x00000000e8300000)
  to   space 12288K, 0% used [0x00000000e6c00000,0x00000000e6c00000,0x00000000e7800000)
 ParOldGen       total 56832K, used 16107K [0x00000000a0000000, 0x00000000a3780000, 0x00000000e0000000)
  object space 56832K, 28% used [0x00000000a0000000,0x00000000a0fbad30,0x00000000a3780000)
 Metaspace       used 44909K, capacity 45942K, committed 46296K, reserved 1089536K
  class space    used 6061K, capacity 6360K, committed 6400K, reserved 1048576K
Event: 28,313 GC heap after
Heap after GC invocations=13 (full 2):
 PSYoungGen      total 122880K, used 12277K [0x00000000e0000000, 0x00000000ea280000, 0x0000000100000000)
  eden space 110592K, 0% used [0x00000000e0000000,0x00000000e0000000,0x00000000e6c00000)
  from space 12288K, 99% used [0x00000000e6c00000,0x00000000e77fd6b8,0x00000000e7800000)
  to   space 14848K, 0% used [0x00000000e9400000,0x00000000e9400000,0x00000000ea280000)
 ParOldGen       total 56832K, used 18189K [0x00000000a0000000, 0x00000000a3780000, 0x00000000e0000000)
  object space 56832K, 32% used [0x00000000a0000000,0x00000000a11c3560,0x00000000a3780000)
 Metaspace       used 44909K, capacity 45942K, committed 46296K, reserved 1089536K
  class space    used 6061K, capacity 6360K, committed 6400K, reserved 1048576K
}

